applications/android/bubblewrap/app/build/outputs/mapping/release/seeds.txt
com.ciel.twa.LauncherActivity
com.ciel.twa.DelegationService
com.ciel.twa.Application
com.ciel.twa.Application: Application()
com.ciel.twa.DelegationService: DelegationService()
com.ciel.twa.LauncherActivity: LauncherActivity()
...
com.google.android.gms.common.internal.zzj: android.os.Parcelable$Creator CREATOR
androidx.lifecycle.Lifecycle$Event: androidx.lifecycle.Lifecycle$Event[] $VALUES
com.google.android.gms.common.internal.ConnectionTelemetryConfiguration: android.os.Parcelable$Creator CREATOR
androidx.lifecycle.Lifecycle$Event: androidx.lifecycle.Lifecycle$Event ON_STOP
androidx.fragment.app.FragmentState: android.os.Parcelable$Creator CREATOR
com.google.android.gms.common.internal.zat: android.os.Parcelable$Creator CREATOR
com.google.android.gms.location.LocationRequest: android.os.Parcelable$Creator CREATOR
com.google.android.gms.internal.location.zzd: android.os.Parcelable$Creator CREATOR
androidx.lifecycle.Lifecycle$Event: androidx.lifecycle.Lifecycle$Event ON_PAUSE
com.google.android.gms.location.LocationAvailability: android.os.Parcelable$Creator CREATOR
com.google.android.gms.internal.location.zzg: android.os.Parcelable$Creator CREATOR
com.google.android.gms.common.internal.ClientIdentity: android.os.Parcelable$Creator CREATOR
androidx.lifecycle.Lifecycle$Event: androidx.lifecycle.Lifecycle$Event ON_RESUME
com.google.android.gms.dynamite.DynamiteModule$DynamiteLoaderClassLoader: java.lang.ClassLoader sClassLoader
com.google.android.gms.common.api.Status: android.os.Parcelable$Creator CREATOR
com.google.android.gms.location.zzac: android.os.Parcelable$Creator CREATOR
com.google.android.gms.common.ConnectionResult: android.os.Parcelable$Creator CREATOR
com.google.android.gms.common.internal.MethodInvocation: android.os.Parcelable$Creator CREATOR
com.google.android.gms.common.internal.RootTelemetryConfiguration: android.os.Parcelable$Creator CREATOR
com.google.android.gms.common.Feature: android.os.Parcelable$Creator CREATOR
androidx.fragment.app.FragmentManagerState: android.os.Parcelable$Creator CREATOR
com.google.android.gms.location.LastLocationRequest: android.os.Parcelable$Creator CREATOR
com.google.android.gms.internal.location.zzdd: android.os.Parcelable$Creator CREATOR
com.google.android.gms.common.internal.zav: android.os.Parcelable$Creator CREATOR
androidx.lifecycle.Lifecycle$Event: androidx.lifecycle.Lifecycle$Event ON_START
com.google.android.gms.common.api.Scope: android.os.Parcelable$Creator CREATOR
androidx.lifecycle.Lifecycle$Event: androidx.lifecycle.Lifecycle$Event ON_ANY
com.google.android.gms.signin.internal.zai: android.os.Parcelable$Creator CREATOR
com.google.android.gms.location.LocationResult: android.os.Parcelable$Creator CREATOR
com.google.android.gms.internal.location.zzdf: android.os.Parcelable$Creator CREATOR
androidx.collection.SimpleArrayMap: SimpleArrayMap()
com.google.android.gms.common.api.Api$ApiOptions$NoOptions: Api$ApiOptions$NoOptions()
androidx.core.app.RemoteActionCompatParcelizer: RemoteActionCompatParcelizer()
com.google.android.gms.common.GooglePlayServicesMissingManifestValueException: GooglePlayServicesMissingManifestValueException()
androidx.browser.trusted.TrustedWebActivityService: TrustedWebActivityService()
com.google.android.gms.common.api.PendingResult: PendingResult()
androidx.fragment.app.FragmentActivity: FragmentActivity()
com.google.android.gms.common.api.internal.zzb: zzb()
androidx.core.app.CoreComponentFactory: CoreComponentFactory()
androidx.lifecycle.ViewModel: ViewModel()
com.google.android.gms.internal.location.zzc: zzc()
com.google.android.gms.internal.base.zac: zac()
androidx.lifecycle.Lifecycle$State: androidx.lifecycle.Lifecycle$State[] values()
android.support.v4.app.RemoteActionCompatParcelizer: androidx.core.app.RemoteActionCompat read(androidx.versionedparcelable.VersionedParcel)
android.support.v4.graphics.drawable.IconCompatParcelizer: androidx.core.graphics.drawable.IconCompat read(androidx.versionedparcelable.VersionedParcel)
com.google.androidbrowserhelper.trusted.NotificationPermissionRequestActivity: NotificationPermissionRequestActivity()
com.google.android.gms.dynamite.DynamiteModule$DynamiteLoaderClassLoader: DynamiteModule$DynamiteLoaderClassLoader()